<?xml version="1.0" encoding="UTF-8"?>
<!-- Generated by org.testng.reporters.JUnitXMLReporter -->
<testsuite ignored="0" hostname="DESKTOP-003RALK" failures="0" tests="4" name="Test" time="25.378" errors="0" timestamp="01 Feb 2021 13:17:37 GMT">
  <testcase classname="testclasses.TestclassUsingListeners" name="loginTest" time="0.264"/>
  <testcase classname="testclasses.TestclassUsingListeners" name="loginTest" time="0.232"/>
  <testcase classname="testclasses.TestclassUsingListeners" name="loginTest" time="0.228"/>
  <testcase classname="testclasses.TestclassUsingListeners" name="loginTest" time="0.218"/>
</testsuite> <!-- Test -->
