<?xml version="1.0" encoding="UTF-8"?>
<!-- Generated by org.testng.reporters.JUnitXMLReporter -->
<testsuite ignored="0" hostname="DESKTOP-003RALK" failures="0" tests="4" name="Test" time="36.573" errors="0" timestamp="01 Feb 2021 17:29:08 GMT">
  <testcase classname="qa.Test.TestclassUsingListeners" name="loginTest" time="0.25"/>
  <testcase classname="qa.Test.TestclassUsingListeners" name="loginTest" time="0.224"/>
  <testcase classname="qa.Test.TestclassUsingListeners" name="loginTest" time="0.222"/>
  <testcase classname="qa.Test.TestclassUsingListeners" name="loginTest" time="0.21"/>
</testsuite> <!-- Test -->
