<?xml version="1.0" encoding="UTF-8"?>
<testng-results ignored="0" total="4" passed="4" failed="0" skipped="0">
  <reporter-output>
  </reporter-output>
  <suite started-at="2021-02-01T13:17:11Z" name="Suite" finished-at="2021-02-01T13:17:37Z" duration-ms="25378">
    <groups>
    </groups>
    <test started-at="2021-02-01T13:17:11Z" name="Test" finished-at="2021-02-01T13:17:37Z" duration-ms="25378">
      <class name="testclasses.TestclassUsingListeners">
        <test-method is-config="true" signature="beforeClass()[pri:0, instance:testclasses.TestclassUsingListeners@6736fa8d]" started-at="2021-02-01T13:17:12Z" name="beforeClass" finished-at="2021-02-01T13:17:18Z" duration-ms="5533" status="PASS">
          <reporter-output>
          </reporter-output>
        </test-method> <!-- beforeClass -->
        <test-method signature="loginTest(java.lang.String, java.lang.String)[pri:0, instance:testclasses.TestclassUsingListeners@6736fa8d]" started-at="2021-02-01T13:17:18Z" name="loginTest" data-provider="test1Data" finished-at="2021-02-01T13:17:18Z" duration-ms="264" status="PASS">
          <params>
            <param index="0">
              <value>
                <![CDATA[username]]>
              </value>
            </param>
            <param index="1">
              <value>
                <![CDATA[password]]>
              </value>
            </param>
          </params>
          <reporter-output>
          </reporter-output>
        </test-method> <!-- loginTest -->
        <test-method is-config="true" signature="afterClass()[pri:0, instance:testclasses.TestclassUsingListeners@6736fa8d]" started-at="2021-02-01T13:17:18Z" name="afterClass" finished-at="2021-02-01T13:17:19Z" duration-ms="763" status="PASS">
          <reporter-output>
          </reporter-output>
        </test-method> <!-- afterClass -->
        <test-method is-config="true" signature="beforeClass()[pri:0, instance:testclasses.TestclassUsingListeners@6736fa8d]" started-at="2021-02-01T13:17:19Z" name="beforeClass" finished-at="2021-02-01T13:17:24Z" duration-ms="4861" status="PASS">
          <reporter-output>
          </reporter-output>
        </test-method> <!-- beforeClass -->
        <test-method signature="loginTest(java.lang.String, java.lang.String)[pri:0, instance:testclasses.TestclassUsingListeners@6736fa8d]" started-at="2021-02-01T13:17:24Z" name="loginTest" data-provider="test1Data" finished-at="2021-02-01T13:17:24Z" duration-ms="232" status="PASS">
          <params>
            <param index="0">
              <value>
                <![CDATA[ss@gmail.com]]>
              </value>
            </param>
            <param index="1">
              <value>
                <![CDATA[shruti123]]>
              </value>
            </param>
          </params>
          <reporter-output>
          </reporter-output>
        </test-method> <!-- loginTest -->
        <test-method is-config="true" signature="afterClass()[pri:0, instance:testclasses.TestclassUsingListeners@6736fa8d]" started-at="2021-02-01T13:17:24Z" name="afterClass" finished-at="2021-02-01T13:17:25Z" duration-ms="777" status="PASS">
          <reporter-output>
          </reporter-output>
        </test-method> <!-- afterClass -->
        <test-method is-config="true" signature="beforeClass()[pri:0, instance:testclasses.TestclassUsingListeners@6736fa8d]" started-at="2021-02-01T13:17:25Z" name="beforeClass" finished-at="2021-02-01T13:17:30Z" duration-ms="4963" status="PASS">
          <reporter-output>
          </reporter-output>
        </test-method> <!-- beforeClass -->
        <test-method signature="loginTest(java.lang.String, java.lang.String)[pri:0, instance:testclasses.TestclassUsingListeners@6736fa8d]" started-at="2021-02-01T13:17:30Z" name="loginTest" data-provider="test1Data" finished-at="2021-02-01T13:17:30Z" duration-ms="228" status="PASS">
          <params>
            <param index="0">
              <value>
                <![CDATA[ss@gmail.com]]>
              </value>
            </param>
            <param index="1">
              <value>
                <![CDATA[ddhh123]]>
              </value>
            </param>
          </params>
          <reporter-output>
          </reporter-output>
        </test-method> <!-- loginTest -->
        <test-method is-config="true" signature="afterClass()[pri:0, instance:testclasses.TestclassUsingListeners@6736fa8d]" started-at="2021-02-01T13:17:30Z" name="afterClass" finished-at="2021-02-01T13:17:31Z" duration-ms="757" status="PASS">
          <reporter-output>
          </reporter-output>
        </test-method> <!-- afterClass -->
        <test-method is-config="true" signature="beforeClass()[pri:0, instance:testclasses.TestclassUsingListeners@6736fa8d]" started-at="2021-02-01T13:17:31Z" name="beforeClass" finished-at="2021-02-01T13:17:36Z" duration-ms="5021" status="PASS">
          <reporter-output>
          </reporter-output>
        </test-method> <!-- beforeClass -->
        <test-method signature="loginTest(java.lang.String, java.lang.String)[pri:0, instance:testclasses.TestclassUsingListeners@6736fa8d]" started-at="2021-02-01T13:17:36Z" name="loginTest" data-provider="test1Data" finished-at="2021-02-01T13:17:36Z" duration-ms="218" status="PASS">
          <params>
            <param index="0">
              <value>
                <![CDATA[ss1@gmail.com]]>
              </value>
            </param>
            <param index="1">
              <value>
                <![CDATA[gghh7]]>
              </value>
            </param>
          </params>
          <reporter-output>
          </reporter-output>
        </test-method> <!-- loginTest -->
        <test-method is-config="true" signature="afterClass()[pri:0, instance:testclasses.TestclassUsingListeners@6736fa8d]" started-at="2021-02-01T13:17:36Z" name="afterClass" finished-at="2021-02-01T13:17:37Z" duration-ms="741" status="PASS">
          <reporter-output>
          </reporter-output>
        </test-method> <!-- afterClass -->
      </class> <!-- testclasses.TestclassUsingListeners -->
    </test> <!-- Test -->
  </suite> <!-- Suite -->
</testng-results>
