<?xml version="1.0" encoding="UTF-8"?>
<testng-results ignored="0" total="4" passed="4" failed="0" skipped="0">
  <reporter-output>
  </reporter-output>
  <suite started-at="2021-02-01T17:28:31Z" name="Suite" finished-at="2021-02-01T17:29:08Z" duration-ms="36573">
    <groups>
    </groups>
    <test started-at="2021-02-01T17:28:31Z" name="Test" finished-at="2021-02-01T17:29:08Z" duration-ms="36573">
      <class name="qa.Test.TestclassUsingListeners">
        <test-method is-config="true" signature="beforeClass()[pri:0, instance:qa.Test.TestclassUsingListeners@5b7a8434]" started-at="2021-02-01T17:28:32Z" name="beforeClass" finished-at="2021-02-01T17:28:40Z" duration-ms="8121" status="PASS">
          <reporter-output>
          </reporter-output>
        </test-method> <!-- beforeClass -->
        <test-method signature="loginTest(java.lang.String, java.lang.String)[pri:0, instance:qa.Test.TestclassUsingListeners@5b7a8434]" started-at="2021-02-01T17:28:40Z" name="loginTest" data-provider="test1Data" finished-at="2021-02-01T17:28:40Z" duration-ms="250" status="PASS">
          <params>
            <param index="0">
              <value>
                <![CDATA[username]]>
              </value>
            </param>
            <param index="1">
              <value>
                <![CDATA[password]]>
              </value>
            </param>
          </params>
          <reporter-output>
          </reporter-output>
        </test-method> <!-- loginTest -->
        <test-method is-config="true" signature="afterClass()[pri:0, instance:qa.Test.TestclassUsingListeners@5b7a8434]" started-at="2021-02-01T17:28:40Z" name="afterClass" finished-at="2021-02-01T17:28:42Z" duration-ms="1244" status="PASS">
          <reporter-output>
          </reporter-output>
        </test-method> <!-- afterClass -->
        <test-method is-config="true" signature="beforeClass()[pri:0, instance:qa.Test.TestclassUsingListeners@5b7a8434]" started-at="2021-02-01T17:28:42Z" name="beforeClass" finished-at="2021-02-01T17:28:49Z" duration-ms="7477" status="PASS">
          <reporter-output>
          </reporter-output>
        </test-method> <!-- beforeClass -->
        <test-method signature="loginTest(java.lang.String, java.lang.String)[pri:0, instance:qa.Test.TestclassUsingListeners@5b7a8434]" started-at="2021-02-01T17:28:49Z" name="loginTest" data-provider="test1Data" finished-at="2021-02-01T17:28:49Z" duration-ms="224" status="PASS">
          <params>
            <param index="0">
              <value>
                <![CDATA[ss@gmail.com]]>
              </value>
            </param>
            <param index="1">
              <value>
                <![CDATA[shruti123]]>
              </value>
            </param>
          </params>
          <reporter-output>
          </reporter-output>
        </test-method> <!-- loginTest -->
        <test-method is-config="true" signature="afterClass()[pri:0, instance:qa.Test.TestclassUsingListeners@5b7a8434]" started-at="2021-02-01T17:28:49Z" name="afterClass" finished-at="2021-02-01T17:28:50Z" duration-ms="1166" status="PASS">
          <reporter-output>
          </reporter-output>
        </test-method> <!-- afterClass -->
        <test-method is-config="true" signature="beforeClass()[pri:0, instance:qa.Test.TestclassUsingListeners@5b7a8434]" started-at="2021-02-01T17:28:50Z" name="beforeClass" finished-at="2021-02-01T17:28:58Z" duration-ms="7185" status="PASS">
          <reporter-output>
          </reporter-output>
        </test-method> <!-- beforeClass -->
        <test-method signature="loginTest(java.lang.String, java.lang.String)[pri:0, instance:qa.Test.TestclassUsingListeners@5b7a8434]" started-at="2021-02-01T17:28:58Z" name="loginTest" data-provider="test1Data" finished-at="2021-02-01T17:28:58Z" duration-ms="222" status="PASS">
          <params>
            <param index="0">
              <value>
                <![CDATA[ss@gmail.com]]>
              </value>
            </param>
            <param index="1">
              <value>
                <![CDATA[ddhh123]]>
              </value>
            </param>
          </params>
          <reporter-output>
          </reporter-output>
        </test-method> <!-- loginTest -->
        <test-method is-config="true" signature="afterClass()[pri:0, instance:qa.Test.TestclassUsingListeners@5b7a8434]" started-at="2021-02-01T17:28:58Z" name="afterClass" finished-at="2021-02-01T17:28:59Z" duration-ms="863" status="PASS">
          <reporter-output>
          </reporter-output>
        </test-method> <!-- afterClass -->
        <test-method is-config="true" signature="beforeClass()[pri:0, instance:qa.Test.TestclassUsingListeners@5b7a8434]" started-at="2021-02-01T17:28:59Z" name="beforeClass" finished-at="2021-02-01T17:29:07Z" duration-ms="7948" status="PASS">
          <reporter-output>
          </reporter-output>
        </test-method> <!-- beforeClass -->
        <test-method signature="loginTest(java.lang.String, java.lang.String)[pri:0, instance:qa.Test.TestclassUsingListeners@5b7a8434]" started-at="2021-02-01T17:29:07Z" name="loginTest" data-provider="test1Data" finished-at="2021-02-01T17:29:07Z" duration-ms="210" status="PASS">
          <params>
            <param index="0">
              <value>
                <![CDATA[ss1@gmail.com]]>
              </value>
            </param>
            <param index="1">
              <value>
                <![CDATA[gghh7]]>
              </value>
            </param>
          </params>
          <reporter-output>
          </reporter-output>
        </test-method> <!-- loginTest -->
        <test-method is-config="true" signature="afterClass()[pri:0, instance:qa.Test.TestclassUsingListeners@5b7a8434]" started-at="2021-02-01T17:29:07Z" name="afterClass" finished-at="2021-02-01T17:29:08Z" duration-ms="788" status="PASS">
          <reporter-output>
          </reporter-output>
        </test-method> <!-- afterClass -->
      </class> <!-- qa.Test.TestclassUsingListeners -->
    </test> <!-- Test -->
  </suite> <!-- Suite -->
</testng-results>
